<?xml version="1.0" encoding="UTF-8"?>
<!-- Generated by org.testng.reporters.JUnitReportReporter -->
<testsuite hostname="DESKTOP-CSMSGNF" failures="0" tests="4" name="test.AddCustomerTest" time="13.781" errors="0" timestamp="2022-11-04T06:06:25 CDT" skipped="0">
  <testcase classname="test.AddCustomerTest" name="BrowserFactoryTest" time="2.387"/>
  <system-out/>
  <testcase classname="test.AddCustomerTest" name="Login_Page_Test" time="1.152"/>
  <system-out/>
  <testcase classname="test.AddCustomerTest" name="DashboardPageTest" time="0.006"/>
  <system-out/>
  <testcase classname="test.AddCustomerTest" name="Add_Cuctomer_Test" time="10.236"/>
  <system-out/>
</testsuite> <!-- test.AddCustomerTest -->
