<?xml version="1.0" encoding="UTF-8"?>
<!-- Generated by org.testng.reporters.JUnitReportReporter -->
<testsuite hostname="DESKTOP-CSMSGNF" failures="0" tests="2" name="test.LoginTest" time="3.452" errors="0" timestamp="2022-10-27T23:33:18 CDT" skipped="0">
  <testcase classname="test.LoginTest" name="loginTest3" time="0.003"/>
  <system-out/>
  <testcase classname="test.LoginTest" name="loginTest1" time="3.449"/>
  <system-out/>
</testsuite> <!-- test.LoginTest -->
